Building DAG of jobs...
Using shell: /bin/bash
Provided cores: 1 (use --cores to define parallelism)
Rules claiming more threads will be scaled down.
Job stats:
job             count    min threads    max threads
------------  -------  -------------  -------------
maf_download        1              1              1
total               1              1              1

Select jobs to execute...

[Tue Apr 18 14:53:24 2023]
rule maf_download:
    jobid: 0
    reason: Rules with neither input nor output files are always executed.
    resources: tmpdir=/var/folders/n3/gb4qgnr95d9bk6_y9qtj6p980000gq/T

[Tue Apr 18 14:58:31 2023]
Error in rule maf_download:
    jobid: 0

Shutting down, this might take some time.
Exiting because a job execution failed. Look above for error message
Complete log: .snakemake/log/2023-04-18T145324.159545.snakemake.log
