Building DAG of jobs...
Using shell: /bin/bash
Provided cores: 4
Rules claiming more threads will be scaled down.
Job stats:
job             count    min threads    max threads
------------  -------  -------------  -------------
maf_download        1              1              1
total               1              1              1

Select jobs to execute...

[Wed Apr 26 18:49:59 2023]
rule maf_download:
    jobid: 0
    reason: Rules with neither input nor output files are always executed.
    resources: tmpdir=/var/folders/t_/62401zpn7dj6xlnzf_bjdsb00000gn/T

[Wed Apr 26 18:49:59 2023]
Error in rule maf_download:
    jobid: 0

Shutting down, this might take some time.
Exiting because a job execution failed. Look above for error message
Complete log: .snakemake/log/2023-04-26T184959.505796.snakemake.log
