Building DAG of jobs...
Using shell: /bin/bash
Provided cores: 1 (use --cores to define parallelism)
Rules claiming more threads will be scaled down.
Job stats:
job                  count    min threads    max threads
-----------------  -------  -------------  -------------
maf_retrieval_gdc        1              1              1
total                    1              1              1

Select jobs to execute...

[Wed Mar  8 15:41:52 2023]
rule maf_retrieval_gdc:
    jobid: 0
    reason: Rules with neither input nor output files are always executed.
    resources: tmpdir=/var/folders/t_/62401zpn7dj6xlnzf_bjdsb00000gn/T

[Wed Mar  8 15:41:52 2023]
Error in rule maf_retrieval_gdc:
    jobid: 0

Shutting down, this might take some time.
Exiting because a job execution failed. Look above for error message
Complete log: .snakemake/log/2023-03-08T154151.971268.snakemake.log
