Building DAG of jobs...
Using shell: /bin/bash
Provided cores: 1 (use --cores to define parallelism)
Rules claiming more threads will be scaled down.
Job stats:
job           count    min threads    max threads
----------  -------  -------------  -------------
unpack_all        1              1              1
total             1              1              1

Resources before job selection: {'_cores': 1, '_nodes': 9223372036854775807}
Ready jobs (1):
	unpack_all
Select jobs to execute...
Using greedy selector because only single job has to be scheduled.
Selected jobs (1):
	unpack_all
Resources after job selection: {'_cores': 0, '_nodes': 9223372036854775806}

[Fri Mar 10 16:07:27 2023]
rule unpack_all:
    jobid: 0
    reason: Rules with neither input nor output files are always executed.
    resources: tmpdir=/var/folders/t_/62401zpn7dj6xlnzf_bjdsb00000gn/T

[Fri Mar 10 16:07:27 2023]
Finished job 0.
1 of 1 steps (100%) done
Complete log: .snakemake/log/2023-03-10T160727.456338.snakemake.log
unlocking
removing lock
removing lock
removed all locks
